<?xml version="1.0" encoding="utf-8"?><testsuites name="pytest tests"><testsuite name="pytest" errors="0" failures="0" skipped="0" tests="8" time="3.256" timestamp="2026-05-02T00:01:53.357425+00:00" hostname="agent-env-8865f123-e717-4b49-9487-18e98570a8a3"><testcase classname="backend.tests.test_register_auto_company.TestRegisterAutoCompany" name="test_register_with_company_name_creates_company_and_admin" time="0.444" /><testcase classname="backend.tests.test_register_auto_company.TestRegisterAutoCompany" name="test_register_with_company_rfc_persists_uppercase" time="0.601" /><testcase classname="backend.tests.test_register_auto_company.TestRegisterAutoCompany" name="test_register_without_company_name_or_id_returns_400" time="0.052" /><testcase classname="backend.tests.test_register_auto_company.TestRegisterAutoCompany" name="test_register_with_existing_company_id_uses_it" time="0.580" /><testcase classname="backend.tests.test_register_auto_company.TestRegisterAutoCompany" name="test_register_duplicate_email_returns_400" time="0.328" /><testcase classname="backend.tests.test_register_auto_company.TestRegisterAutoCompany" name="test_register_company_id_not_found_returns_400" time="0.052" /><testcase classname="backend.tests.test_register_auto_company.TestLoginAndMe" name="test_full_flow_register_login_me" time="0.590" /><testcase classname="backend.tests.test_register_auto_company.TestLoginAndMe" name="test_login_wrong_password" time="0.548" /></testsuite></testsuites>