<?xml version="1.0" encoding="utf-8"?><testsuites name="pytest tests"><testsuite name="pytest" errors="0" failures="0" skipped="0" tests="11" time="3.535" timestamp="2026-02-05T03:37:16.356854+00:00" hostname="agent-env-f73fc8dd-c9cd-4097-8f23-9c2507a0ff81"><testcase classname="backend.tests.test_alegra_cfdi_sync.TestAlegraStatus" name="test_alegra_status_connected" time="0.403" /><testcase classname="backend.tests.test_alegra_cfdi_sync.TestAlegraInCFDIModule" name="test_cfdi_endpoint_returns_alegra_records" time="0.314" /><testcase classname="backend.tests.test_alegra_cfdi_sync.TestAlegraInCFDIModule" name="test_alegra_cfdi_has_required_fields" time="0.301" /><testcase classname="backend.tests.test_alegra_cfdi_sync.TestAlegraInCFDIModule" name="test_alegra_cfdi_types" time="0.341" /><testcase classname="backend.tests.test_alegra_cfdi_sync.TestCobranzaPagosEmpty" name="test_payments_endpoint_no_alegra_invoices" time="0.294" /><testcase classname="backend.tests.test_alegra_cfdi_sync.TestDuplicatePrevention" name="test_alegra_cfdi_unique_by_alegra_id" time="0.311" /><testcase classname="backend.tests.test_alegra_cfdi_sync.TestDuplicatePrevention" name="test_alegra_cfdi_unique_by_uuid" time="0.302" /><testcase classname="backend.tests.test_alegra_cfdi_sync.TestClearAlegraData" name="test_clear_data_endpoint_exists" time="0.339" /><testcase classname="backend.tests.test_alegra_cfdi_sync.TestClearAlegraData" name="test_clear_data_response_structure" time="0.301" /><testcase classname="backend.tests.test_alegra_cfdi_sync.TestSyncEndpoints" name="test_sync_invoices_endpoint_exists" time="0.297" /><testcase classname="backend.tests.test_alegra_cfdi_sync.TestSyncEndpoints" name="test_sync_bills_endpoint_exists" time="0.261" /></testsuite></testsuites>