<?xml version="1.0" encoding="utf-8"?><testsuites name="pytest tests"><testsuite name="pytest" errors="0" failures="3" skipped="0" tests="10" time="3.083" timestamp="2026-02-04T01:01:14.375960+00:00" hostname="agent-env-542d9ebf-e60d-43c6-9ff4-8bcee00da126"><testcase classname="backend.tests.test_reconciliation_category.TestReconciliationCategory" name="test_categories_endpoint_returns_data" time="0.330" /><testcase classname="backend.tests.test_reconciliation_category.TestReconciliationCategory" name="test_categories_have_ingreso_type" time="0.274" /><testcase classname="backend.tests.test_reconciliation_category.TestReconciliationCategory" name="test_categories_have_egreso_type" time="0.268" /><testcase classname="backend.tests.test_reconciliation_category.TestReconciliationCategory" name="test_reconciliation_endpoint_accepts_categoria_id" time="0.359"><failure message="AssertionError: Reconciliation failed: {&quot;detail&quot;:&quot;Este CFDI ya está completamente pagado. No hay saldo pendiente.&quot;}&#10;assert 400 in [200, 201]&#10; +  where 400 = &lt;Response [400]&gt;.status_code">backend/tests/test_reconciliation_category.py:133: in test_reconciliation_endpoint_accepts_categoria_id
    assert response.status_code in [200, 201], f"Reconciliation failed: {response.text}"
E   AssertionError: Reconciliation failed: {"detail":"Este CFDI ya está completamente pagado. No hay saldo pendiente."}
E   assert 400 in [200, 201]
E    +  where 400 = &lt;Response [400]&gt;.status_code</failure></testcase><testcase classname="backend.tests.test_reconciliation_category.TestReconciliationCategory" name="test_reconciliation_without_category_validation" time="0.349"><failure message="AssertionError: Reconciliation should succeed even without category: {&quot;detail&quot;:&quot;Este CFDI ya está completamente pagado. No hay saldo pendiente.&quot;}&#10;assert 400 in [200, 201]&#10; +  where 400 = &lt;Response [400]&gt;.status_code">backend/tests/test_reconciliation_category.py:210: in test_reconciliation_without_category_validation
    assert response.status_code in [200, 201], f"Reconciliation should succeed even without category: {response.text}"
E   AssertionError: Reconciliation should succeed even without category: {"detail":"Este CFDI ya está completamente pagado. No hay saldo pendiente."}
E   assert 400 in [200, 201]
E    +  where 400 = &lt;Response [400]&gt;.status_code</failure></testcase><testcase classname="backend.tests.test_reconciliation_category.TestReconciliationCategory" name="test_payment_created_with_category_from_reconciliation" time="0.342"><failure message="AssertionError: Reconciliation failed: {&quot;detail&quot;:&quot;Este CFDI ya está completamente pagado. No hay saldo pendiente.&quot;}&#10;assert 400 in [200, 201]&#10; +  where 400 = &lt;Response [400]&gt;.status_code">backend/tests/test_reconciliation_category.py:275: in test_payment_created_with_category_from_reconciliation
    assert response.status_code in [200, 201], f"Reconciliation failed: {response.text}"
E   AssertionError: Reconciliation failed: {"detail":"Este CFDI ya está completamente pagado. No hay saldo pendiente."}
E   assert 400 in [200, 201]
E    +  where 400 = &lt;Response [400]&gt;.status_code</failure></testcase><testcase classname="backend.tests.test_reconciliation_category.TestBankReconciliationModel" name="test_reconciliation_model_accepts_categoria_id" time="0.277" /><testcase classname="backend.tests.test_reconciliation_category.TestBankReconciliationModel" name="test_reconciliation_model_accepts_subcategoria" time="0.253" /><testcase classname="backend.tests.test_reconciliation_category.TestCategoryTypeFiltering" name="test_ingreso_categories_for_income_cfdi" time="0.263" /><testcase classname="backend.tests.test_reconciliation_category.TestCategoryTypeFiltering" name="test_egreso_categories_for_expense_cfdi" time="0.265" /></testsuite></testsuites>