<?xml version="1.0" encoding="utf-8"?><testsuites name="pytest tests"><testsuite name="pytest" errors="0" failures="0" skipped="3" tests="20" time="45.106" timestamp="2026-02-04T19:43:47.162317+00:00" hostname="agent-env-aa24741f-60ba-4573-81b7-1197d750ccfe"><testcase classname="tests.test_alegra_integration.TestAlegraStatus" name="test_status_requires_auth" time="0.072" /><testcase classname="tests.test_alegra_integration.TestAlegraStatus" name="test_status_returns_connection_info" time="0.312" /><testcase classname="tests.test_alegra_integration.TestAlegraTestConnection" name="test_test_connection_requires_auth" time="0.079" /><testcase classname="tests.test_alegra_integration.TestAlegraTestConnection" name="test_test_connection_with_valid_credentials" time="3.396" /><testcase classname="tests.test_alegra_integration.TestAlegraTestConnection" name="test_test_connection_with_invalid_credentials" time="0.168" /><testcase classname="tests.test_alegra_integration.TestAlegraTestConnection" name="test_test_connection_missing_fields" time="0.039" /><testcase classname="tests.test_alegra_integration.TestAlegraSaveCredentials" name="test_save_credentials_requires_auth" time="0.041" /><testcase classname="tests.test_alegra_integration.TestAlegraSaveCredentials" name="test_save_credentials_with_valid_data" time="3.546" /><testcase classname="tests.test_alegra_integration.TestAlegraSaveCredentials" name="test_save_credentials_with_invalid_data" time="0.196" /><testcase classname="tests.test_alegra_integration.TestAlegraSyncContacts" name="test_sync_contacts_requires_auth" time="0.036" /><testcase classname="tests.test_alegra_integration.TestAlegraSyncContacts" name="test_sync_contacts_when_connected" time="26.590" /><testcase classname="tests.test_alegra_integration.TestAlegraSyncInvoices" name="test_sync_invoices_requires_auth" time="0.068" /><testcase classname="tests.test_alegra_integration.TestAlegraSyncInvoices" name="test_sync_invoices_when_connected" time="0.000"><skipped type="pytest.skip" message="Sync invoices can take several minutes due to ~687 invoices">/app/backend/tests/test_alegra_integration.py:199: Sync invoices can take several minutes due to ~687 invoices</skipped></testcase><testcase classname="tests.test_alegra_integration.TestAlegraSyncBills" name="test_sync_bills_requires_auth" time="0.043" /><testcase classname="tests.test_alegra_integration.TestAlegraSyncBills" name="test_sync_bills_when_connected" time="0.000"><skipped type="pytest.skip" message="Sync bills can take several minutes due to ~2058 bills">/app/backend/tests/test_alegra_integration.py:218: Sync bills can take several minutes due to ~2058 bills</skipped></testcase><testcase classname="tests.test_alegra_integration.TestAlegraSyncPayments" name="test_sync_payments_requires_auth" time="0.039" /><testcase classname="tests.test_alegra_integration.TestAlegraSyncPayments" name="test_sync_payments_when_connected" time="4.350" /><testcase classname="tests.test_alegra_integration.TestAlegraDisconnect" name="test_disconnect_requires_auth" time="0.065" /><testcase classname="tests.test_alegra_integration.TestAlegraDisconnect" name="test_disconnect_and_reconnect" time="2.577" /><testcase classname="tests.test_alegra_integration.TestAlegraIntegrationFlow" name="test_full_connection_flow" time="3.405"><skipped type="pytest.skip" message="Alegra API rate limited - skipping integration flow test">/app/backend/tests/test_alegra_integration.py:344: Alegra API rate limited - skipping integration flow test</skipped></testcase></testsuite></testsuites>