<?xml version="1.0" encoding="utf-8"?><testsuites name="pytest tests"><testsuite name="pytest" errors="0" failures="2" skipped="1" tests="12" time="4.210" timestamp="2026-01-22T20:48:09.978855+00:00" hostname="agent-env-19d09390-204c-446b-88bd-cbaa84470fd9"><testcase classname="backend.tests.test_cfdi_matching.TestCFDIMatching" name="test_match_cfdi_endpoint_exists" time="0.365" /><testcase classname="backend.tests.test_cfdi_matching.TestCFDIMatching" name="test_match_cfdi_with_tolerance_days_parameter" time="0.361" /><testcase classname="backend.tests.test_cfdi_matching.TestCFDIMatching" name="test_match_cfdi_invalid_transaction_id" time="0.295" /><testcase classname="backend.tests.test_cfdi_matching.TestCFDIMatching" name="test_match_cfdi_score_structure" time="0.841" /><testcase classname="backend.tests.test_cfdi_matching.TestCFDIMatching" name="test_batch_create_payments_endpoint_exists" time="0.332" /><testcase classname="backend.tests.test_cfdi_matching.TestCFDIMatching" name="test_batch_create_payments_with_valid_transactions" time="0.349" /><testcase classname="backend.tests.test_cfdi_matching.TestCFDIMatching" name="test_batch_create_payments_skips_already_conciliated" time="0.339" /><testcase classname="backend.tests.test_cfdi_matching.TestReconciliationValidation" name="test_reconciliation_rejects_without_payment" time="0.336"><failure message="TypeError: string indices must be integers, not 'str'">backend/tests/test_cfdi_matching.py:290: in test_reconciliation_rejects_without_payment
    if cfdi['id'] not in cfdi_ids_with_payments:
       ^^^^^^^^^^
E   TypeError: string indices must be integers, not 'str'</failure></testcase><testcase classname="backend.tests.test_cfdi_matching.TestReconciliationValidation" name="test_reconciliation_allowed_with_payment" time="0.269"><skipped type="pytest.skip" message="No payments with CFDI found">/app/backend/tests/test_cfdi_matching.py:339: No payments with CFDI found</skipped></testcase><testcase classname="backend.tests.test_cfdi_matching.TestReconciliationValidation" name="test_reconciliation_without_cfdi_allowed" time="0.332" /><testcase classname="backend.tests.test_cfdi_matching.TestAPIHealth" name="test_api_health" time="0.039"><failure message="AssertionError: Health check failed: 404&#10;assert 404 == 200&#10; +  where 404 = &lt;Response [404]&gt;.status_code">backend/tests/test_cfdi_matching.py:413: in test_api_health
    assert response.status_code == 200, f"Health check failed: {response.status_code}"
E   AssertionError: Health check failed: 404
E   assert 404 == 200
E    +  where 404 = &lt;Response [404]&gt;.status_code</failure></testcase><testcase classname="backend.tests.test_cfdi_matching.TestAPIHealth" name="test_auth_login" time="0.256" /></testsuite></testsuites>