<?xml version="1.0" encoding="utf-8"?><testsuites name="pytest tests"><testsuite name="pytest" errors="0" failures="3" skipped="2" tests="20" time="45.800" timestamp="2026-02-04T19:42:22.601415+00:00" hostname="agent-env-aa24741f-60ba-4573-81b7-1197d750ccfe"><testcase classname="tests.test_alegra_integration.TestAlegraStatus" name="test_status_requires_auth" time="0.090" /><testcase classname="tests.test_alegra_integration.TestAlegraStatus" name="test_status_returns_connection_info" time="0.308" /><testcase classname="tests.test_alegra_integration.TestAlegraTestConnection" name="test_test_connection_requires_auth" time="0.042" /><testcase classname="tests.test_alegra_integration.TestAlegraTestConnection" name="test_test_connection_with_valid_credentials" time="4.027" /><testcase classname="tests.test_alegra_integration.TestAlegraTestConnection" name="test_test_connection_with_invalid_credentials" time="0.160" /><testcase classname="tests.test_alegra_integration.TestAlegraTestConnection" name="test_test_connection_missing_fields" time="0.047" /><testcase classname="tests.test_alegra_integration.TestAlegraSaveCredentials" name="test_save_credentials_requires_auth" time="0.040" /><testcase classname="tests.test_alegra_integration.TestAlegraSaveCredentials" name="test_save_credentials_with_valid_data" time="3.331" /><testcase classname="tests.test_alegra_integration.TestAlegraSaveCredentials" name="test_save_credentials_with_invalid_data" time="0.159" /><testcase classname="tests.test_alegra_integration.TestAlegraSyncContacts" name="test_sync_contacts_requires_auth" time="0.039" /><testcase classname="tests.test_alegra_integration.TestAlegraSyncContacts" name="test_sync_contacts_when_connected" time="32.639"><failure message="AssertionError: Unexpected status: 400&#10;assert 400 in [200, 429]&#10; +  where 400 = &lt;Response [400]&gt;.status_code">tests/test_alegra_integration.py:177: in test_sync_contacts_when_connected
    assert response.status_code in [200, 429], f"Unexpected status: {response.status_code}"
E   AssertionError: Unexpected status: 400
E   assert 400 in [200, 429]
E    +  where 400 = &lt;Response [400]&gt;.status_code</failure></testcase><testcase classname="tests.test_alegra_integration.TestAlegraSyncInvoices" name="test_sync_invoices_requires_auth" time="0.097" /><testcase classname="tests.test_alegra_integration.TestAlegraSyncInvoices" name="test_sync_invoices_when_connected" time="0.000"><skipped type="pytest.skip" message="Sync invoices can take several minutes due to ~687 invoices">/app/backend/tests/test_alegra_integration.py:194: Sync invoices can take several minutes due to ~687 invoices</skipped></testcase><testcase classname="tests.test_alegra_integration.TestAlegraSyncBills" name="test_sync_bills_requires_auth" time="0.042" /><testcase classname="tests.test_alegra_integration.TestAlegraSyncBills" name="test_sync_bills_when_connected" time="0.000"><skipped type="pytest.skip" message="Sync bills can take several minutes due to ~2058 bills">/app/backend/tests/test_alegra_integration.py:213: Sync bills can take several minutes due to ~2058 bills</skipped></testcase><testcase classname="tests.test_alegra_integration.TestAlegraSyncPayments" name="test_sync_payments_requires_auth" time="0.036" /><testcase classname="tests.test_alegra_integration.TestAlegraSyncPayments" name="test_sync_payments_when_connected" time="3.695" /><testcase classname="tests.test_alegra_integration.TestAlegraDisconnect" name="test_disconnect_requires_auth" time="0.040" /><testcase classname="tests.test_alegra_integration.TestAlegraDisconnect" name="test_disconnect_and_reconnect" time="0.509"><failure message="assert 400 == 200&#10; +  where 400 = &lt;Response [400]&gt;.status_code">tests/test_alegra_integration.py:302: in test_disconnect_and_reconnect
    assert reconnect_response.status_code == 200
E   assert 400 == 200
E    +  where 400 = &lt;Response [400]&gt;.status_code</failure></testcase><testcase classname="tests.test_alegra_integration.TestAlegraIntegrationFlow" name="test_full_connection_flow" time="0.395"><failure message="assert False == True&#10; +  where False = &lt;built-in method get of dict object at 0xfbffffaceb80&gt;('success')&#10; +    where &lt;built-in method get of dict object at 0xfbffffaceb80&gt; = {'message': 'Error de conexión: Alegra API error: {&quot;code&quot;:429,&quot;message&quot;:&quot;Too many requests&quot;,&quot;headers&quot;:{&quot;x-rate-limit-limit&quot;:250,&quot;x-rate-limit-remaining&quot;:239,&quot;x-rate-limit-reset&quot;:15}}', 'success': False}.get&#10; +      where {'message': 'Error de conexión: Alegra API error: {&quot;code&quot;:429,&quot;message&quot;:&quot;Too many requests&quot;,&quot;headers&quot;:{&quot;x-rate-limit-limit&quot;:250,&quot;x-rate-limit-remaining&quot;:239,&quot;x-rate-limit-reset&quot;:15}}', 'success': False} = json()&#10; +        where json = &lt;Response [200]&gt;.json">tests/test_alegra_integration.py:324: in test_full_connection_flow
    assert test_response.json().get("success") == True
E   assert False == True
E    +  where False = &lt;built-in method get of dict object at 0xfbffffaceb80&gt;('success')
E    +    where &lt;built-in method get of dict object at 0xfbffffaceb80&gt; = {'message': 'Error de conexión: Alegra API error: {"code":429,"message":"Too many requests","headers":{"x-rate-limit-limit":250,"x-rate-limit-remaining":239,"x-rate-limit-reset":15}}', 'success': False}.get
E    +      where {'message': 'Error de conexión: Alegra API error: {"code":429,"message":"Too many requests","headers":{"x-rate-limit-limit":250,"x-rate-limit-remaining":239,"x-rate-limit-reset":15}}', 'success': False} = json()
E    +        where json = &lt;Response [200]&gt;.json</failure></testcase></testsuite></testsuites>