<?xml version="1.0" encoding="utf-8"?><testsuites name="pytest tests"><testsuite name="pytest" errors="0" failures="0" skipped="2" tests="10" time="2.926" timestamp="2026-02-04T01:02:32.510778+00:00" hostname="agent-env-542d9ebf-e60d-43c6-9ff4-8bcee00da126"><testcase classname="backend.tests.test_reconciliation_category.TestReconciliationCategory" name="test_categories_endpoint_returns_data" time="0.316" /><testcase classname="backend.tests.test_reconciliation_category.TestReconciliationCategory" name="test_categories_have_ingreso_type" time="0.280" /><testcase classname="backend.tests.test_reconciliation_category.TestReconciliationCategory" name="test_categories_have_egreso_type" time="0.265" /><testcase classname="backend.tests.test_reconciliation_category.TestReconciliationCategory" name="test_reconciliation_endpoint_accepts_categoria_id" time="0.320" /><testcase classname="backend.tests.test_reconciliation_category.TestReconciliationCategory" name="test_reconciliation_without_category_validation" time="0.286"><skipped type="pytest.skip" message="No matching pending transaction/CFDI pair found for testing">/app/backend/tests/test_reconciliation_category.py:219: No matching pending transaction/CFDI pair found for testing</skipped></testcase><testcase classname="backend.tests.test_reconciliation_category.TestReconciliationCategory" name="test_payment_created_with_category_from_reconciliation" time="0.284"><skipped type="pytest.skip" message="No matching pending transaction/CFDI pair found for testing">/app/backend/tests/test_reconciliation_category.py:298: No matching pending transaction/CFDI pair found for testing</skipped></testcase><testcase classname="backend.tests.test_reconciliation_category.TestBankReconciliationModel" name="test_reconciliation_model_accepts_categoria_id" time="0.315" /><testcase classname="backend.tests.test_reconciliation_category.TestBankReconciliationModel" name="test_reconciliation_model_accepts_subcategoria" time="0.255" /><testcase classname="backend.tests.test_reconciliation_category.TestCategoryTypeFiltering" name="test_ingreso_categories_for_income_cfdi" time="0.268" /><testcase classname="backend.tests.test_reconciliation_category.TestCategoryTypeFiltering" name="test_egreso_categories_for_expense_cfdi" time="0.266" /></testsuite></testsuites>