<?xml version="1.0" encoding="utf-8"?><testsuites name="pytest tests"><testsuite name="pytest" errors="0" failures="0" skipped="0" tests="8" time="3.666" timestamp="2026-04-14T02:55:38.576609+00:00" hostname="agent-env-8865f123-e717-4b49-9487-18e98570a8a3"><testcase classname="backend.tests.test_kpi_metrics.TestFinancialMetricsComponents" name="test_get_periods" time="0.460" /><testcase classname="backend.tests.test_kpi_metrics.TestFinancialMetricsComponents" name="test_metrics_margins_have_components" time="0.477" /><testcase classname="backend.tests.test_kpi_metrics.TestFinancialMetricsComponents" name="test_metrics_returns_have_components" time="0.437" /><testcase classname="backend.tests.test_kpi_metrics.TestFinancialMetricsComponents" name="test_metrics_liquidity_have_components" time="0.455" /><testcase classname="backend.tests.test_kpi_metrics.TestFinancialMetricsComponents" name="test_metrics_solvency_have_components" time="0.458" /><testcase classname="backend.tests.test_kpi_metrics.TestFinancialMetricsComponents" name="test_metrics_efficiency_have_components" time="0.454" /><testcase classname="backend.tests.test_kpi_metrics.TestOptimizationApplyErrorHandling" name="test_apply_nonexistent_optimization_returns_404" time="0.438" /><testcase classname="backend.tests.test_kpi_metrics.TestOptimizationApplyErrorHandling" name="test_apply_optimization_without_auth_returns_401" time="0.435" /></testsuite></testsuites>