<?xml version="1.0" encoding="utf-8"?><testsuites name="pytest tests"><testsuite name="pytest" errors="0" failures="0" skipped="0" tests="11" time="151.929" timestamp="2026-02-25T17:58:42.370814+00:00" hostname="agent-env-4e297d7c-42e3-4ef0-99d1-deb54db0b669"><testcase classname="backend.tests.test_ai_analysis_and_pdf.TestAIAnalysisEndpoint" name="test_ai_analysis_monthly_returns_200" time="23.536" /><testcase classname="backend.tests.test_ai_analysis_and_pdf.TestAIAnalysisEndpoint" name="test_ai_analysis_returns_correct_structure" time="24.675" /><testcase classname="backend.tests.test_ai_analysis_and_pdf.TestAIAnalysisEndpoint" name="test_ai_analysis_has_all_sections" time="24.249" /><testcase classname="backend.tests.test_ai_analysis_and_pdf.TestAIAnalysisEndpoint" name="test_ai_analysis_quarterly_aggregation" time="23.934" /><testcase classname="backend.tests.test_ai_analysis_and_pdf.TestAIAnalysisEndpoint" name="test_ai_analysis_english_language" time="25.203" /><testcase classname="backend.tests.test_ai_analysis_and_pdf.TestAIAnalysisEndpoint" name="test_ai_analysis_invalid_period_returns_404" time="0.640" /><testcase classname="backend.tests.test_ai_analysis_and_pdf.TestAIAnalysisEndpoint" name="test_ai_analysis_generated_by_ai_or_default" time="26.731" /><testcase classname="backend.tests.test_ai_analysis_and_pdf.TestFinancialStatementEndpoints" name="test_available_periods_returns_data" time="0.719" /><testcase classname="backend.tests.test_ai_analysis_and_pdf.TestFinancialStatementEndpoints" name="test_metrics_endpoint_returns_data" time="0.647" /><testcase classname="backend.tests.test_ai_analysis_and_pdf.TestFinancialStatementEndpoints" name="test_sankey_endpoint_returns_data" time="0.800" /><testcase classname="backend.tests.test_ai_analysis_and_pdf.TestFinancialStatementEndpoints" name="test_trends_endpoint_returns_historical_data" time="0.726" /></testsuite></testsuites>