<?xml version="1.0" encoding="utf-8"?><testsuites name="pytest tests"><testsuite name="pytest" errors="0" failures="0" skipped="0" tests="15" time="7.312" timestamp="2026-04-28T01:48:52.539845+00:00" hostname="agent-env-8865f123-e717-4b49-9487-18e98570a8a3"><testcase classname="backend.tests.test_kpi_notifications.TestKPINotificationSystem" name="test_get_notifications" time="0.870" /><testcase classname="backend.tests.test_kpi_notifications.TestKPINotificationSystem" name="test_get_unread_count" time="0.389" /><testcase classname="backend.tests.test_kpi_notifications.TestKPINotificationSystem" name="test_mark_notification_read" time="0.507" /><testcase classname="backend.tests.test_kpi_notifications.TestKPINotificationSystem" name="test_mark_all_read" time="0.437" /><testcase classname="backend.tests.test_kpi_notifications.TestKPINotificationSystem" name="test_get_alert_rules" time="0.423" /><testcase classname="backend.tests.test_kpi_notifications.TestKPINotificationSystem" name="test_create_alert_rule" time="0.505" /><testcase classname="backend.tests.test_kpi_notifications.TestKPINotificationSystem" name="test_toggle_alert_rule" time="0.545" /><testcase classname="backend.tests.test_kpi_notifications.TestKPINotificationSystem" name="test_delete_alert_rule" time="0.554" /><testcase classname="backend.tests.test_kpi_notifications.TestKPINotificationSystem" name="test_evaluate_kpi_rules" time="0.389" /><testcase classname="backend.tests.test_kpi_notifications.TestKPINotificationSystem" name="test_evaluate_nonexistent_period" time="0.403" /><testcase classname="backend.tests.test_kpi_notifications.TestKPINotificationSystem" name="test_full_alert_workflow" time="0.644" /><testcase classname="backend.tests.test_kpi_notifications.TestNotificationEdgeCases" name="test_mark_nonexistent_notification_read" time="0.386" /><testcase classname="backend.tests.test_kpi_notifications.TestNotificationEdgeCases" name="test_delete_nonexistent_notification" time="0.388" /><testcase classname="backend.tests.test_kpi_notifications.TestNotificationEdgeCases" name="test_toggle_nonexistent_rule" time="0.392" /><testcase classname="backend.tests.test_kpi_notifications.TestNotificationEdgeCases" name="test_delete_nonexistent_rule" time="0.397" /></testsuite></testsuites>