<?xml version="1.0" encoding="utf-8"?><testsuites name="pytest tests"><testsuite name="pytest" errors="0" failures="0" skipped="0" tests="9" time="156.598" timestamp="2026-04-28T02:03:16.680038+00:00" hostname="agent-env-8865f123-e717-4b49-9487-18e98570a8a3"><testcase classname="backend.tests.test_ai_income_flow.TestAIIncomeFlowAnalysis" name="test_ai_analysis_endpoint_returns_200" time="18.765" /><testcase classname="backend.tests.test_ai_income_flow.TestAIIncomeFlowAnalysis" name="test_ai_analysis_contains_income_flow_analysis" time="18.538" /><testcase classname="backend.tests.test_ai_income_flow.TestAIIncomeFlowAnalysis" name="test_income_flow_analysis_has_content" time="20.640" /><testcase classname="backend.tests.test_ai_income_flow.TestAIIncomeFlowAnalysis" name="test_ai_analysis_contains_trends_analysis" time="19.441" /><testcase classname="backend.tests.test_ai_income_flow.TestAIIncomeFlowAnalysis" name="test_trends_analysis_has_content" time="18.362" /><testcase classname="backend.tests.test_ai_income_flow.TestAIIncomeFlowAnalysis" name="test_ai_analysis_response_structure" time="19.595" /><testcase classname="backend.tests.test_ai_income_flow.TestAIIncomeFlowAnalysis" name="test_ai_analysis_generated_by_ai" time="21.042" /><testcase classname="backend.tests.test_ai_income_flow.TestAIIncomeFlowAnalysis" name="test_ai_analysis_different_period" time="19.560" /><testcase classname="backend.tests.test_ai_income_flow.TestAIIncomeFlowAnalysis" name="test_ai_analysis_nonexistent_period_returns_404" time="0.592" /></testsuite></testsuites>