<?xml version="1.0" encoding="utf-8"?><testsuites name="pytest tests"><testsuite name="pytest" errors="0" failures="0" skipped="0" tests="17" time="1.277" timestamp="2026-01-22T02:46:26.109384+00:00" hostname="agent-env-ad46a0e1-02e8-479f-a350-2e0b93ae9ae3"><testcase classname="tests.test_6_features.TestPaymentsSummaryEndpoint" name="test_payments_summary_returns_currency_breakdown" time="0.329" /><testcase classname="tests.test_6_features.TestPaymentsSummaryEndpoint" name="test_payments_summary_values_are_numeric" time="0.045" /><testcase classname="tests.test_6_features.TestBankAccountsEndpoint" name="test_bank_accounts_list_available" time="0.039" /><testcase classname="tests.test_6_features.TestBankAccountsEndpoint" name="test_bank_accounts_have_required_fields" time="0.040" /><testcase classname="tests.test_6_features.TestPaymentWithBankAccount" name="test_create_payment_with_bank_account" time="0.073" /><testcase classname="tests.test_6_features.TestPaymentWithBankAccount" name="test_create_usd_payment_with_exchange_rate" time="0.121" /><testcase classname="tests.test_6_features.TestFXRatesYearEndpoint" name="test_fx_rates_year_endpoint_exists" time="0.037" /><testcase classname="tests.test_6_features.TestFXRatesYearEndpoint" name="test_fx_rates_year_has_monthly_averages" time="0.037" /><testcase classname="tests.test_6_features.TestFXRatesYearEndpoint" name="test_fx_rates_year_structure" time="0.033" /><testcase classname="tests.test_6_features.TestTransferAccountEndpoint" name="test_transfer_endpoint_exists" time="0.033" /><testcase classname="tests.test_6_features.TestTransferAccountEndpoint" name="test_transfer_requires_both_accounts" time="0.072" /><testcase classname="tests.test_6_features.TestTransferAccountEndpoint" name="test_transfer_validates_account_existence" time="0.080" /><testcase classname="tests.test_6_features.TestBankTransactionsCurrency" name="test_bank_transactions_have_currency" time="0.040" /><testcase classname="tests.test_6_features.TestBankTransactionsCurrency" name="test_usd_account_transactions" time="0.041" /><testcase classname="tests.test_6_features.TestBankAccountsSummary" name="test_bank_accounts_summary_endpoint" time="0.037" /><testcase classname="tests.test_6_features.TestBankAccountsSummary" name="test_bank_accounts_summary_has_currency_breakdown" time="0.034" /><testcase classname="tests.test_6_features.TestExcelExportFields" name="test_payment_has_tipo_cambio_historico_field" time="0.121" /></testsuite></testsuites>