<?xml version="1.0" encoding="utf-8"?><testsuites name="pytest tests"><testsuite name="pytest" errors="0" failures="0" skipped="0" tests="16" time="5.190" timestamp="2026-02-25T02:39:27.248182+00:00" hostname="agent-env-50c4b714-dde5-42fe-96b0-db2a9bd75a44"><testcase classname="backend.tests.test_financial_statements.TestFinancialStatementsAuth" name="test_unauthenticated_periods_request_fails" time="0.207" /><testcase classname="backend.tests.test_financial_statements.TestFinancialStatementsPeriods" name="test_get_periods_returns_list" time="0.501" /><testcase classname="backend.tests.test_financial_statements.TestFinancialStatementsPeriods" name="test_existing_period_2026_01" time="0.119" /><testcase classname="backend.tests.test_financial_statements.TestFinancialStatementsUpload" name="test_upload_income_statement_invalid_file_type" time="0.498" /><testcase classname="backend.tests.test_financial_statements.TestFinancialStatementsUpload" name="test_upload_balance_sheet_invalid_file_type" time="0.129" /><testcase classname="backend.tests.test_financial_statements.TestFinancialStatementsUpload" name="test_upload_income_statement_requires_periodo" time="0.149" /><testcase classname="backend.tests.test_financial_statements.TestFinancialStatementsUpload" name="test_upload_income_statement_success" time="0.148" /><testcase classname="backend.tests.test_financial_statements.TestFinancialStatementsUpload" name="test_upload_balance_sheet_success" time="0.148" /><testcase classname="backend.tests.test_financial_statements.TestFinancialStatementsMetrics" name="test_get_metrics_nonexistent_period" time="0.457" /><testcase classname="backend.tests.test_financial_statements.TestFinancialStatementsMetrics" name="test_get_metrics_existing_period" time="0.292" /><testcase classname="backend.tests.test_financial_statements.TestFinancialStatementsMetrics" name="test_metrics_margins_calculation" time="0.260" /><testcase classname="backend.tests.test_financial_statements.TestFinancialStatementsMetrics" name="test_metrics_returns_calculation" time="0.248" /><testcase classname="backend.tests.test_financial_statements.TestFinancialStatementsDelete" name="test_delete_nonexistent_period" time="0.495" /><testcase classname="backend.tests.test_financial_statements.TestFinancialStatementsDelete" name="test_delete_specific_type" time="0.119" /><testcase classname="backend.tests.test_financial_statements.TestFinancialStatementsDelete" name="test_delete_test_period_cleanup" time="0.180" /><testcase classname="backend.tests.test_financial_statements.TestFinancialStatementsFull" name="test_full_workflow" time="1.163" /></testsuite></testsuites>