<?xml version="1.0" encoding="utf-8"?><testsuites name="pytest tests"><testsuite name="pytest" errors="0" failures="0" skipped="0" tests="26" time="10.000" timestamp="2026-04-29T21:18:01.602010+00:00" hostname="agent-env-8865f123-e717-4b49-9487-18e98570a8a3"><testcase classname="backend.tests.test_integrations_admin.TestIntegrationsAvailableList" name="test_available_list_returns_200" time="0.523" /><testcase classname="backend.tests.test_integrations_admin.TestIntegrationsAvailableList" name="test_available_list_has_6_integrations" time="0.114" /><testcase classname="backend.tests.test_integrations_admin.TestIntegrationsAvailableList" name="test_available_list_structure" time="0.109" /><testcase classname="backend.tests.test_integrations_admin.TestIntegrationsAvailableList" name="test_coming_soon_status" time="0.174" /><testcase classname="backend.tests.test_integrations_admin.TestIntegrationsConnected" name="test_connected_returns_200" time="0.129" /><testcase classname="backend.tests.test_integrations_admin.TestIntegrationsConnected" name="test_connected_has_contalink" time="0.101" /><testcase classname="backend.tests.test_integrations_admin.TestIntegrationsConnected" name="test_connected_no_credentials_exposed" time="0.129" /><testcase classname="backend.tests.test_integrations_admin.TestIntegrationConnect" name="test_connect_coming_soon_fails" time="0.108" /><testcase classname="backend.tests.test_integrations_admin.TestIntegrationConnect" name="test_connect_invalid_type_fails" time="0.134" /><testcase classname="backend.tests.test_integrations_admin.TestIntegrationConnect" name="test_connect_alegra_success" time="0.371" /><testcase classname="backend.tests.test_integrations_admin.TestIntegrationTestEndpoint" name="test_test_nonexistent_integration" time="0.124" /><testcase classname="backend.tests.test_integrations_admin.TestIntegrationTestEndpoint" name="test_test_existing_integration" time="5.736" /><testcase classname="backend.tests.test_integrations_admin.TestIntegrationSync" name="test_sync_nonexistent_integration" time="0.181" /><testcase classname="backend.tests.test_integrations_admin.TestIntegrationSync" name="test_sync_existing_integration" time="0.480" /><testcase classname="backend.tests.test_integrations_admin.TestIntegrationDisconnect" name="test_disconnect_nonexistent_integration" time="0.122" /><testcase classname="backend.tests.test_integrations_admin.TestAdminAllCompanies" name="test_admin_companies_returns_200" time="0.131" /><testcase classname="backend.tests.test_integrations_admin.TestAdminAllCompanies" name="test_admin_companies_structure" time="0.128" /><testcase classname="backend.tests.test_integrations_admin.TestAdminAllCompanies" name="test_admin_companies_has_expected_data" time="0.117" /><testcase classname="backend.tests.test_integrations_admin.TestAdminAllCompanies" name="test_admin_companies_integrations_no_credentials" time="0.133" /><testcase classname="backend.tests.test_integrations_admin.TestAdminAllUsers" name="test_admin_users_returns_200" time="0.115" /><testcase classname="backend.tests.test_integrations_admin.TestAdminAllUsers" name="test_admin_users_no_password_exposed" time="0.110" /><testcase classname="backend.tests.test_integrations_admin.TestAdminAllUsers" name="test_admin_users_structure" time="0.132" /><testcase classname="backend.tests.test_integrations_admin.TestAuthorizationRequired" name="test_available_list_requires_auth" time="0.133" /><testcase classname="backend.tests.test_integrations_admin.TestAuthorizationRequired" name="test_connected_requires_auth" time="0.111" /><testcase classname="backend.tests.test_integrations_admin.TestAuthorizationRequired" name="test_admin_companies_requires_auth" time="0.138" /><testcase classname="backend.tests.test_integrations_admin.TestAuthorizationRequired" name="test_admin_users_requires_auth" time="0.129" /></testsuite></testsuites>