<?xml version="1.0" encoding="utf-8"?><testsuites name="pytest tests"><testsuite name="pytest" errors="0" failures="0" skipped="0" tests="15" time="5.081" timestamp="2026-01-31T04:37:39.648683+00:00" hostname="agent-env-d34f3c5a-491a-4e0c-b9aa-f77c4cc2217c"><testcase classname="tests.test_sat_integration.TestSATIntegration" name="test_sat_status_no_credentials" time="0.408" /><testcase classname="tests.test_sat_integration.TestSATIntegration" name="test_sat_comprobante_types" time="0.288" /><testcase classname="tests.test_sat_integration.TestSATIntegration" name="test_save_sat_credentials_success" time="0.324" /><testcase classname="tests.test_sat_integration.TestSATIntegration" name="test_save_sat_credentials_invalid_rfc" time="0.322" /><testcase classname="tests.test_sat_integration.TestSATIntegration" name="test_save_sat_credentials_invalid_ciec" time="0.285" /><testcase classname="tests.test_sat_integration.TestSATIntegration" name="test_sat_status_with_credentials" time="0.378" /><testcase classname="tests.test_sat_integration.TestSATIntegration" name="test_delete_sat_credentials_success" time="0.407" /><testcase classname="tests.test_sat_integration.TestSATIntegration" name="test_delete_sat_credentials_not_found" time="0.330" /><testcase classname="tests.test_sat_integration.TestSATIntegration" name="test_sat_credentials_update_existing" time="0.340" /><testcase classname="tests.test_sat_integration.TestSATIntegration" name="test_sat_status_requires_auth" time="0.308" /><testcase classname="tests.test_sat_integration.TestSATIntegration" name="test_sat_credentials_requires_auth" time="0.310" /><testcase classname="tests.test_sat_integration.TestSATCredentialValidation" name="test_rfc_12_characters_valid" time="0.323" /><testcase classname="tests.test_sat_integration.TestSATCredentialValidation" name="test_rfc_13_characters_valid" time="0.323" /><testcase classname="tests.test_sat_integration.TestSATCredentialValidation" name="test_rfc_uppercase_conversion" time="0.329" /><testcase classname="tests.test_sat_integration.TestSATCredentialValidation" name="test_ciec_minimum_length" time="0.327" /></testsuite></testsuites>