<?xml version="1.0" encoding="utf-8"?><testsuites name="pytest tests"><testsuite name="pytest" errors="0" failures="0" skipped="0" tests="12" time="5.206" timestamp="2026-04-29T23:17:00.519906+00:00" hostname="agent-env-8865f123-e717-4b49-9487-18e98570a8a3"><testcase classname="backend.tests.test_account_mappings.TestAccountMappingsAPI" name="test_get_financial_categories_returns_11_categories" time="0.412" /><testcase classname="backend.tests.test_account_mappings.TestAccountMappingsAPI" name="test_financial_categories_have_correct_groups" time="0.374" /><testcase classname="backend.tests.test_account_mappings.TestAccountMappingsAPI" name="test_auto_detect_returns_suggestions" time="0.420" /><testcase classname="backend.tests.test_account_mappings.TestAccountMappingsAPI" name="test_auto_detect_income_categories_map_to_ingresos" time="0.378" /><testcase classname="backend.tests.test_account_mappings.TestAccountMappingsAPI" name="test_get_all_mappings" time="0.403" /><testcase classname="backend.tests.test_account_mappings.TestAccountMappingsAPI" name="test_create_mapping" time="0.477" /><testcase classname="backend.tests.test_account_mappings.TestAccountMappingsAPI" name="test_create_mapping_invalid_target_category" time="0.408" /><testcase classname="backend.tests.test_account_mappings.TestAccountMappingsAPI" name="test_update_mapping" time="0.594" /><testcase classname="backend.tests.test_account_mappings.TestAccountMappingsAPI" name="test_update_nonexistent_mapping" time="0.386" /><testcase classname="backend.tests.test_account_mappings.TestAccountMappingsAPI" name="test_delete_mapping" time="0.526" /><testcase classname="backend.tests.test_account_mappings.TestAccountMappingsAPI" name="test_delete_nonexistent_mapping" time="0.376" /><testcase classname="backend.tests.test_account_mappings.TestAccountMappingsIntegration" name="test_existing_mapping_proveedores_costo" time="0.374" /></testsuite></testsuites>