<?xml version="1.0" encoding="utf-8"?><testsuites name="pytest tests"><testsuite name="pytest" errors="0" failures="0" skipped="1" tests="12" time="4.105" timestamp="2026-01-22T20:49:52.398130+00:00" hostname="agent-env-19d09390-204c-446b-88bd-cbaa84470fd9"><testcase classname="backend.tests.test_cfdi_matching.TestCFDIMatching" name="test_match_cfdi_endpoint_exists" time="0.399" /><testcase classname="backend.tests.test_cfdi_matching.TestCFDIMatching" name="test_match_cfdi_with_tolerance_days_parameter" time="0.322" /><testcase classname="backend.tests.test_cfdi_matching.TestCFDIMatching" name="test_match_cfdi_invalid_transaction_id" time="0.332" /><testcase classname="backend.tests.test_cfdi_matching.TestCFDIMatching" name="test_match_cfdi_score_structure" time="0.704" /><testcase classname="backend.tests.test_cfdi_matching.TestCFDIMatching" name="test_batch_create_payments_endpoint_exists" time="0.293" /><testcase classname="backend.tests.test_cfdi_matching.TestCFDIMatching" name="test_batch_create_payments_with_valid_transactions" time="0.295" /><testcase classname="backend.tests.test_cfdi_matching.TestCFDIMatching" name="test_batch_create_payments_skips_already_conciliated" time="0.286" /><testcase classname="backend.tests.test_cfdi_matching.TestReconciliationValidation" name="test_reconciliation_rejects_without_payment" time="0.333" /><testcase classname="backend.tests.test_cfdi_matching.TestReconciliationValidation" name="test_reconciliation_allowed_with_payment" time="0.268"><skipped type="pytest.skip" message="No payments with CFDI found">/app/backend/tests/test_cfdi_matching.py:343: No payments with CFDI found</skipped></testcase><testcase classname="backend.tests.test_cfdi_matching.TestReconciliationValidation" name="test_reconciliation_without_cfdi_allowed" time="0.289" /><testcase classname="backend.tests.test_cfdi_matching.TestAPIHealth" name="test_api_health" time="0.259" /><testcase classname="backend.tests.test_cfdi_matching.TestAPIHealth" name="test_auth_login" time="0.258" /></testsuite></testsuites>