<?xml version="1.0" encoding="utf-8"?><testsuites name="pytest tests"><testsuite name="pytest" errors="0" failures="0" skipped="0" tests="11" time="1.967" timestamp="2026-01-20T20:49:16.328355+00:00" hostname="agent-env-4b3af4e0-3a9e-4881-b135-9d5c3497960c"><testcase classname="tests.test_diot_bank_module.TestAuth" name="test_login_success" time="0.322" /><testcase classname="tests.test_diot_bank_module.TestDIOTModule" name="test_diot_preview_endpoint_exists" time="0.305" /><testcase classname="tests.test_diot_bank_module.TestDIOTModule" name="test_diot_preview_with_date_filters" time="0.081" /><testcase classname="tests.test_diot_bank_module.TestDIOTModule" name="test_diot_preview_empty_records_is_valid" time="0.041" /><testcase classname="tests.test_diot_bank_module.TestBankModule" name="test_bank_accounts_list" time="0.305" /><testcase classname="tests.test_diot_bank_module.TestBankModule" name="test_bank_accounts_summary" time="0.037" /><testcase classname="tests.test_diot_bank_module.TestBankModule" name="test_bank_transactions_list" time="0.039" /><testcase classname="tests.test_diot_bank_module.TestBankModule" name="test_create_bank_transaction" time="0.132" /><testcase classname="tests.test_diot_bank_module.TestBankModule" name="test_verify_created_transaction_persisted" time="0.037" /><testcase classname="tests.test_diot_bank_module.TestReconciliations" name="test_reconciliations_list" time="0.303" /><testcase classname="tests.test_diot_bank_module.TestCleanup" name="test_cleanup_test_transactions" time="0.294" /></testsuite></testsuites>