<?xml version="1.0" encoding="utf-8"?><testsuites name="pytest tests"><testsuite name="pytest" errors="0" failures="0" skipped="0" tests="13" time="8.764" timestamp="2026-02-25T17:36:00.480936+00:00" hostname="agent-env-4e297d7c-42e3-4ef0-99d1-deb54db0b669"><testcase classname="backend.tests.test_board_report_periods.TestBoardReportPeriods" name="test_available_periods_endpoint_returns_structured_data" time="0.637" /><testcase classname="backend.tests.test_board_report_periods.TestBoardReportPeriods" name="test_specific_months_format" time="0.552" /><testcase classname="backend.tests.test_board_report_periods.TestBoardReportPeriods" name="test_quarters_format" time="0.645" /><testcase classname="backend.tests.test_board_report_periods.TestBoardReportPeriods" name="test_annual_format" time="0.610" /><testcase classname="backend.tests.test_board_report_periods.TestBoardReportPeriods" name="test_aggregated_monthly_returns_single_period" time="0.659" /><testcase classname="backend.tests.test_board_report_periods.TestBoardReportPeriods" name="test_aggregated_quarterly_returns_three_periods" time="0.573" /><testcase classname="backend.tests.test_board_report_periods.TestBoardReportPeriods" name="test_quarterly_aggregation_sums_correctly" time="1.185" /><testcase classname="backend.tests.test_board_report_periods.TestBoardReportPeriods" name="test_aggregated_annual_returns_yearly_data" time="0.529" /><testcase classname="backend.tests.test_board_report_periods.TestBoardReportPeriods" name="test_aggregated_nonexistent_period_returns_404" time="0.628" /><testcase classname="backend.tests.test_board_report_periods.TestBoardReportPeriods" name="test_aggregated_requires_parameters" time="0.917" /><testcase classname="backend.tests.test_board_report_periods.TestBoardReportMetrics" name="test_aggregated_has_all_metric_categories" time="0.666" /><testcase classname="backend.tests.test_board_report_periods.TestBoardReportMetrics" name="test_aggregated_margins_calculation" time="0.540" /><testcase classname="backend.tests.test_board_report_periods.TestBoardReportMetrics" name="test_aggregated_balance_uses_latest_period" time="0.513" /></testsuite></testsuites>