<?xml version="1.0" encoding="utf-8"?><testsuites name="pytest tests"><testsuite name="pytest" errors="0" failures="0" skipped="0" tests="8" time="9.701" timestamp="2026-02-25T20:12:01.371207+00:00" hostname="agent-env-8865f123-e717-4b49-9487-18e98570a8a3"><testcase classname="backend.tests.test_company_logo.TestCompanyLogoEndpoints" name="test_get_companies_returns_list" time="5.893" /><testcase classname="backend.tests.test_company_logo.TestCompanyLogoEndpoints" name="test_upload_logo_endpoint_exists" time="0.893" /><testcase classname="backend.tests.test_company_logo.TestCompanyLogoEndpoints" name="test_delete_logo_endpoint_exists" time="0.537" /><testcase classname="backend.tests.test_company_logo.TestCompanyLogoEndpoints" name="test_logo_upload_validates_file_type" time="0.508" /><testcase classname="backend.tests.test_company_logo.TestBoardReportEndpoints" name="test_financial_statements_periods_endpoint" time="0.489" /><testcase classname="backend.tests.test_company_logo.TestBoardReportEndpoints" name="test_financial_statements_trends_endpoint" time="0.468" /><testcase classname="backend.tests.test_company_logo.TestBoardReportEndpoints" name="test_financial_statements_available_periods_endpoint" time="0.405" /><testcase classname="backend.tests.test_company_logo.TestBoardReportEndpoints" name="test_company_includes_logo_url_field" time="0.456" /></testsuite></testsuites>