<?xml version="1.0" encoding="utf-8"?><testsuites name="pytest tests"><testsuite name="pytest" errors="0" failures="0" skipped="0" tests="6" time="128.872" timestamp="2026-02-25T21:16:41.766816+00:00" hostname="agent-env-22560a8c-abf7-4532-af55-02615e77031c"><testcase classname="tests.test_ai_analysis_and_optimization.TestAuthentication" name="test_login_success" time="0.480" /><testcase classname="tests.test_ai_analysis_and_optimization.TestGeneticOptimization" name="test_genetic_optimization_insufficient_data" time="0.781" /><testcase classname="tests.test_ai_analysis_and_optimization.TestAIAnalysis" name="test_get_available_periods" time="0.544" /><testcase classname="tests.test_ai_analysis_and_optimization.TestAIAnalysis" name="test_ai_analysis_returns_all_sections" time="24.786" /><testcase classname="tests.test_ai_analysis_and_optimization.TestAIAnalysis" name="test_ai_analysis_language_support" time="76.009" /><testcase classname="tests.test_ai_analysis_and_optimization.TestPDFExportContent" name="test_all_data_available_for_pdf_export" time="26.201" /></testsuite></testsuites>